MeasureData/app/build/intermediates/manifest_merge_blame_file/debug/manifest-merger-blame-debug-report.txt
1<?xml version="1.0" encoding="utf-8"?>
2<!--
3  ~ Copyright 2021 The Android Open Source Project
4  ~
5  ~ Licensed under the Apache License, Version 2.0 (the "License");
6  ~ you may not use this file except in compliance with the License.
7  ~ You may obtain a copy of the License at
8  ~
9  ~     https://www.apache.org/licenses/LICENSE-2.0
10  ~
11  ~ Unless required by applicable law or agreed to in writing, software
12  ~ distributed under the License is distributed on an "AS IS" BASIS,
13  ~ WITHOUT WARRANTIES OR CONDITIONS OF ANY KIND, either express or implied.
14  ~ See the License for the specific language governing permissions and
15  ~ limitations under the License.
16-->
17<manifest xmlns:android="http://schemas.android.com/apk/res/android"
18    package="com.example.measuredata"
19    android:versionCode="1"
20    android:versionName="1.0" >
21
22    <uses-sdk
23        android:minSdkVersion="30"
24        android:targetSdkVersion="33" />
25
26    <uses-feature android:name="android.hardware.type.watch" />
26-->src\main\AndroidManifest.xml:21:5-64
26-->src\main\AndroidManifest.xml:21:19-61
27
28    <!-- For receiving heart rate data. -->
29    <uses-permission android:name="android.permission.BODY_SENSORS" />
29-->src\main\AndroidManifest.xml:24:5-71
29-->src\main\AndroidManifest.xml:24:22-68
30
31    <!-- For network access. -->
32    <uses-permission android:name="android.permission.INTERNET" />
32-->src\main\AndroidManifest.xml:27:5-67
32-->src\main\AndroidManifest.xml:27:22-64
33    <uses-permission android:name="android.permission.ACCESS_NETWORK_STATE" />
33-->src\main\AndroidManifest.xml:28:5-79
33-->src\main\AndroidManifest.xml:28:22-76
34
35    <!--
36         When an app targets Android 11 (API level 30) or higher and queries for information about
37         the other apps that are installed on a device, the system filters this information by
38         default. Adding the query field allows Health Services to recognize the app.
39         See https://developer.android.com/training/package-visibility.
40    -->
41    <queries>
41-->src\main\AndroidManifest.xml:35:5-37:15
42        <package android:name="com.google.android.wearable.healthservices" />
42-->src\main\AndroidManifest.xml:36:9-78
42-->src\main\AndroidManifest.xml:36:18-75
43    </queries>
44
45    <uses-permission android:name="android.permission.WAKE_LOCK" />
45-->[androidx.work:work-runtime:2.9.0] AndroidManifest.xml:23:5-68
45-->[androidx.work:work-runtime:2.9.0] AndroidManifest.xml:23:22-65
46    <uses-permission android:name="android.permission.RECEIVE_BOOT_COMPLETED" />
46-->[androidx.work:work-runtime:2.9.0] AndroidManifest.xml:25:5-81
46-->[androidx.work:work-runtime:2.9.0] AndroidManifest.xml:25:22-78
47    <uses-permission android:name="android.permission.FOREGROUND_SERVICE" />
47-->[androidx.work:work-runtime:2.9.0] AndroidManifest.xml:26:5-77
47-->[androidx.work:work-runtime:2.9.0] AndroidManifest.xml:26:22-74
48
49    <permission
49-->[androidx.core:core:1.12.0] AndroidManifest.xml:22:5-24:47
50        android:name="com.example.measuredata.DYNAMIC_RECEIVER_NOT_EXPORTED_PERMISSION"
50-->[androidx.core:core:1.12.0] AndroidManifest.xml:23:9-81
51        android:protectionLevel="signature" />
51-->[androidx.core:core:1.12.0] AndroidManifest.xml:24:9-44
52
53    <uses-permission android:name="com.example.measuredata.DYNAMIC_RECEIVER_NOT_EXPORTED_PERMISSION" />
53-->[androidx.core:core:1.12.0] AndroidManifest.xml:26:5-97
53-->[androidx.core:core:1.12.0] AndroidManifest.xml:26:22-94
54
55    <application
55-->src\main\AndroidManifest.xml:39:5-65:19
56        android:name="com.example.measuredata.MainApplication"
56-->src\main\AndroidManifest.xml:40:9-63
57        android:allowBackup="true"
57-->src\main\AndroidManifest.xml:42:9-35
58        android:appComponentFactory="androidx.core.app.CoreComponentFactory"
58-->[androidx.core:core:1.12.0] AndroidManifest.xml:28:18-86
59        android:debuggable="true"
60        android:extractNativeLibs="false"
61        android:icon="@mipmap/ic_launcher"
61-->src\main\AndroidManifest.xml:43:9-43
62        android:label="@string/app_name"
62-->src\main\AndroidManifest.xml:44:9-41
63        android:roundIcon="@mipmap/ic_launcher_round"
63-->src\main\AndroidManifest.xml:45:9-54
64        android:supportsRtl="true"
64-->src\main\AndroidManifest.xml:46:9-35
65        android:testOnly="true"
66        android:theme="@style/AppTheme"
66-->src\main\AndroidManifest.xml:47:9-40
67        android:usesCleartextTraffic="true" >
67-->src\main\AndroidManifest.xml:41:9-44
68        <uses-library
68-->src\main\AndroidManifest.xml:48:9-50:39
69            android:name="com.google.android.wearable"
69-->src\main\AndroidManifest.xml:49:13-55
70            android:required="true" />
70-->src\main\AndroidManifest.xml:50:13-36
71
72        <meta-data
72-->src\main\AndroidManifest.xml:52:9-54:36
73            android:name="com.google.android.wearable.standalone"
73-->src\main\AndroidManifest.xml:53:13-66
74            android:value="true" />
74-->src\main\AndroidManifest.xml:54:13-33
75
76        <activity
76-->src\main\AndroidManifest.xml:56:9-64:20
77            android:name="com.example.measuredata.MainActivity"
77-->src\main\AndroidManifest.xml:57:13-64
78            android:exported="true"
78-->src\main\AndroidManifest.xml:58:13-36
79            android:label="@string/app_name" >
79-->src\main\AndroidManifest.xml:59:13-45
80            <intent-filter>
80-->src\main\AndroidManifest.xml:60:13-63:29
81                <action android:name="android.intent.action.MAIN" />
81-->src\main\AndroidManifest.xml:61:17-69
81-->src\main\AndroidManifest.xml:61:25-66
82
83                <category android:name="android.intent.category.LAUNCHER" />
83-->src\main\AndroidManifest.xml:62:17-77
83-->src\main\AndroidManifest.xml:62:27-74
84            </intent-filter>
85        </activity>
86
87        <provider
87-->[androidx.work:work-runtime:2.9.0] AndroidManifest.xml:29:9-37:20
88            android:name="androidx.startup.InitializationProvider"
88-->[androidx.work:work-runtime:2.9.0] AndroidManifest.xml:30:13-67
89            android:authorities="com.example.measuredata.androidx-startup"
89-->[androidx.work:work-runtime:2.9.0] AndroidManifest.xml:31:13-68
90            android:exported="false" >
90-->[androidx.work:work-runtime:2.9.0] AndroidManifest.xml:32:13-37
91            <meta-data
91-->[androidx.work:work-runtime:2.9.0] AndroidManifest.xml:34:13-36:52
92                android:name="androidx.work.WorkManagerInitializer"
92-->[androidx.work:work-runtime:2.9.0] AndroidManifest.xml:35:17-68
93                android:value="androidx.startup" />
93-->[androidx.work:work-runtime:2.9.0] AndroidManifest.xml:36:17-49
94            <meta-data
94-->[androidx.emoji2:emoji2:1.2.0] AndroidManifest.xml:29:13-31:52
95                android:name="androidx.emoji2.text.EmojiCompatInitializer"
95-->[androidx.emoji2:emoji2:1.2.0] AndroidManifest.xml:30:17-75
96                android:value="androidx.startup" />
96-->[androidx.emoji2:emoji2:1.2.0] AndroidManifest.xml:31:17-49
97            <meta-data
97-->[androidx.lifecycle:lifecycle-process:2.6.2] AndroidManifest.xml:29:13-31:52
98                android:name="androidx.lifecycle.ProcessLifecycleInitializer"
98-->[androidx.lifecycle:lifecycle-process:2.6.2] AndroidManifest.xml:30:17-78
99                android:value="androidx.startup" />
99-->[androidx.lifecycle:lifecycle-process:2.6.2] AndroidManifest.xml:31:17-49
100            <meta-data
100-->[androidx.profileinstaller:profileinstaller:1.3.0] AndroidManifest.xml:29:13-31:52
101                android:name="androidx.profileinstaller.ProfileInstallerInitializer"
101-->[androidx.profileinstaller:profileinstaller:1.3.0] AndroidManifest.xml:30:17-85
102                android:value="androidx.startup" />
102-->[androidx.profileinstaller:profileinstaller:1.3.0] AndroidManifest.xml:31:17-49
103        </provider>
104
105        <service
105-->[androidx.work:work-runtime:2.9.0] AndroidManifest.xml:39:9-45:35
106            android:name="androidx.work.impl.background.systemalarm.SystemAlarmService"
106-->[androidx.work:work-runtime:2.9.0] AndroidManifest.xml:40:13-88
107            android:directBootAware="false"
107-->[androidx.work:work-runtime:2.9.0] AndroidManifest.xml:41:13-44
108            android:enabled="@bool/enable_system_alarm_service_default"
108-->[androidx.work:work-runtime:2.9.0] AndroidManifest.xml:42:13-72
109            android:exported="false" />
109-->[androidx.work:work-runtime:2.9.0] AndroidManifest.xml:43:13-37
110        <service
110-->[androidx.work:work-runtime:2.9.0] AndroidManifest.xml:46:9-52:35
111            android:name="androidx.work.impl.background.systemjob.SystemJobService"
111-->[androidx.work:work-runtime:2.9.0] AndroidManifest.xml:47:13-84
112            android:directBootAware="false"
112-->[androidx.work:work-runtime:2.9.0] AndroidManifest.xml:48:13-44
113            android:enabled="@bool/enable_system_job_service_default"
113-->[androidx.work:work-runtime:2.9.0] AndroidManifest.xml:49:13-70
114            android:exported="true"
114-->[androidx.work:work-runtime:2.9.0] AndroidManifest.xml:50:13-36
115            android:permission="android.permission.BIND_JOB_SERVICE" />
115-->[androidx.work:work-runtime:2.9.0] AndroidManifest.xml:51:13-69
116        <service
116-->[androidx.work:work-runtime:2.9.0] AndroidManifest.xml:53:9-59:35
117            android:name="androidx.work.impl.foreground.SystemForegroundService"
117-->[androidx.work:work-runtime:2.9.0] AndroidManifest.xml:54:13-81
118            android:directBootAware="false"
118-->[androidx.work:work-runtime:2.9.0] AndroidManifest.xml:55:13-44
119            android:enabled="@bool/enable_system_foreground_service_default"
119-->[androidx.work:work-runtime:2.9.0] AndroidManifest.xml:56:13-77
120            android:exported="false" />
120-->[androidx.work:work-runtime:2.9.0] AndroidManifest.xml:57:13-37
121
122        <receiver
122-->[androidx.work:work-runtime:2.9.0] AndroidManifest.xml:61:9-66:35
123            android:name="androidx.work.impl.utils.ForceStopRunnable$BroadcastReceiver"
123-->[androidx.work:work-runtime:2.9.0] AndroidManifest.xml:62:13-88
124            android:directBootAware="false"
124-->[androidx.work:work-runtime:2.9.0] AndroidManifest.xml:63:13-44
125            android:enabled="true"
125-->[androidx.work:work-runtime:2.9.0] AndroidManifest.xml:64:13-35
126            android:exported="false" />
126-->[androidx.work:work-runtime:2.9.0] AndroidManifest.xml:65:13-37
127        <receiver
127-->[androidx.work:work-runtime:2.9.0] AndroidManifest.xml:67:9-77:20
128            android:name="androidx.work.impl.background.systemalarm.ConstraintProxy$BatteryChargingProxy"
128-->[androidx.work:work-runtime:2.9.0] AndroidManifest.xml:68:13-106
129            android:directBootAware="false"
129-->[androidx.work:work-runtime:2.9.0] AndroidManifest.xml:69:13-44
130            android:enabled="false"
130-->[androidx.work:work-runtime:2.9.0] AndroidManifest.xml:70:13-36
131            android:exported="false" >
131-->[androidx.work:work-runtime:2.9.0] AndroidManifest.xml:71:13-37
132            <intent-filter>
132-->[androidx.work:work-runtime:2.9.0] AndroidManifest.xml:73:13-76:29
133                <action android:name="android.intent.action.ACTION_POWER_CONNECTED" />
133-->[androidx.work:work-runtime:2.9.0] AndroidManifest.xml:74:17-87
133-->[androidx.work:work-runtime:2.9.0] AndroidManifest.xml:74:25-84
134                <action android:name="android.intent.action.ACTION_POWER_DISCONNECTED" />
134-->[androidx.work:work-runtime:2.9.0] AndroidManifest.xml:75:17-90
134-->[androidx.work:work-runtime:2.9.0] AndroidManifest.xml:75:25-87
135            </intent-filter>
136        </receiver>
137        <receiver
137-->[androidx.work:work-runtime:2.9.0] AndroidManifest.xml:78:9-88:20
138            android:name="androidx.work.impl.background.systemalarm.ConstraintProxy$BatteryNotLowProxy"
138-->[androidx.work:work-runtime:2.9.0] AndroidManifest.xml:79:13-104
139            android:directBootAware="false"
139-->[androidx.work:work-runtime:2.9.0] AndroidManifest.xml:80:13-44
140            android:enabled="false"
140-->[androidx.work:work-runtime:2.9.0] AndroidManifest.xml:81:13-36
141            android:exported="false" >
141-->[androidx.work:work-runtime:2.9.0] AndroidManifest.xml:82:13-37
142            <intent-filter>
142-->[androidx.work:work-runtime:2.9.0] AndroidManifest.xml:84:13-87:29
143                <action android:name="android.intent.action.BATTERY_OKAY" />
143-->[androidx.work:work-runtime:2.9.0] AndroidManifest.xml:85:17-77
143-->[androidx.work:work-runtime:2.9.0] AndroidManifest.xml:85:25-74
144                <action android:name="android.intent.action.BATTERY_LOW" />
144-->[androidx.work:work-runtime:2.9.0] AndroidManifest.xml:86:17-76
144-->[androidx.work:work-runtime:2.9.0] AndroidManifest.xml:86:25-73
145            </intent-filter>
146        </receiver>
147        <receiver
147-->[androidx.work:work-runtime:2.9.0] AndroidManifest.xml:89:9-99:20
148            android:name="androidx.work.impl.background.systemalarm.ConstraintProxy$StorageNotLowProxy"
148-->[androidx.work:work-runtime:2.9.0] AndroidManifest.xml:90:13-104
149            android:directBootAware="false"
149-->[androidx.work:work-runtime:2.9.0] AndroidManifest.xml:91:13-44
150            android:enabled="false"
150-->[androidx.work:work-runtime:2.9.0] AndroidManifest.xml:92:13-36
151            android:exported="false" >
151-->[androidx.work:work-runtime:2.9.0] AndroidManifest.xml:93:13-37
152            <intent-filter>
152-->[androidx.work:work-runtime:2.9.0] AndroidManifest.xml:95:13-98:29
153                <action android:name="android.intent.action.DEVICE_STORAGE_LOW" />
153-->[androidx.work:work-runtime:2.9.0] AndroidManifest.xml:96:17-83
153-->[androidx.work:work-runtime:2.9.0] AndroidManifest.xml:96:25-80
154                <action android:name="android.intent.action.DEVICE_STORAGE_OK" />
154-->[androidx.work:work-runtime:2.9.0] AndroidManifest.xml:97:17-82
154-->[androidx.work:work-runtime:2.9.0] AndroidManifest.xml:97:25-79
155            </intent-filter>
156        </receiver>
157        <receiver
157-->[androidx.work:work-runtime:2.9.0] AndroidManifest.xml:100:9-109:20
158            android:name="androidx.work.impl.background.systemalarm.ConstraintProxy$NetworkStateProxy"
158-->[androidx.work:work-runtime:2.9.0] AndroidManifest.xml:101:13-103
159            android:directBootAware="false"
159-->[androidx.work:work-runtime:2.9.0] AndroidManifest.xml:102:13-44
160            android:enabled="false"
160-->[androidx.work:work-runtime:2.9.0] AndroidManifest.xml:103:13-36
161            android:exported="false" >
161-->[androidx.work:work-runtime:2.9.0] AndroidManifest.xml:104:13-37
162            <intent-filter>
162-->[androidx.work:work-runtime:2.9.0] AndroidManifest.xml:106:13-108:29
163                <action android:name="android.net.conn.CONNECTIVITY_CHANGE" />
163-->[androidx.work:work-runtime:2.9.0] AndroidManifest.xml:107:17-79
163-->[androidx.work:work-runtime:2.9.0] AndroidManifest.xml:107:25-76
164            </intent-filter>
165        </receiver>
166        <receiver
166-->[androidx.work:work-runtime:2.9.0] AndroidManifest.xml:110:9-121:20
167            android:name="androidx.work.impl.background.systemalarm.RescheduleReceiver"
167-->[androidx.work:work-runtime:2.9.0] AndroidManifest.xml:111:13-88
168            android:directBootAware="false"
168-->[androidx.work:work-runtime:2.9.0] AndroidManifest.xml:112:13-44
169            android:enabled="false"
169-->[androidx.work:work-runtime:2.9.0] AndroidManifest.xml:113:13-36
170            android:exported="false" >
170-->[androidx.work:work-runtime:2.9.0] AndroidManifest.xml:114:13-37
171            <intent-filter>
171-->[androidx.work:work-runtime:2.9.0] AndroidManifest.xml:116:13-120:29
172                <action android:name="android.intent.action.BOOT_COMPLETED" />
172-->[androidx.work:work-runtime:2.9.0] AndroidManifest.xml:117:17-79
172-->[androidx.work:work-runtime:2.9.0] AndroidManifest.xml:117:25-76
173                <action android:name="android.intent.action.TIME_SET" />
173-->[androidx.work:work-runtime:2.9.0] AndroidManifest.xml:118:17-73
173-->[androidx.work:work-runtime:2.9.0] AndroidManifest.xml:118:25-70
174                <action android:name="android.intent.action.TIMEZONE_CHANGED" />
174-->[androidx.work:work-runtime:2.9.0] AndroidManifest.xml:119:17-81
174-->[androidx.work:work-runtime:2.9.0] AndroidManifest.xml:119:25-78
175            </intent-filter>
176        </receiver>
177        <receiver
177-->[androidx.work:work-runtime:2.9.0] AndroidManifest.xml:122:9-131:20
178            android:name="androidx.work.impl.background.systemalarm.ConstraintProxyUpdateReceiver"
178-->[androidx.work:work-runtime:2.9.0] AndroidManifest.xml:123:13-99
179            android:directBootAware="false"
179-->[androidx.work:work-runtime:2.9.0] AndroidManifest.xml:124:13-44
180            android:enabled="@bool/enable_system_alarm_service_default"
180-->[androidx.work:work-runtime:2.9.0] AndroidManifest.xml:125:13-72
181            android:exported="false" >
181-->[androidx.work:work-runtime:2.9.0] AndroidManifest.xml:126:13-37
182            <intent-filter>
182-->[androidx.work:work-runtime:2.9.0] AndroidManifest.xml:128:13-130:29
183                <action android:name="androidx.work.impl.background.systemalarm.UpdateProxies" />
183-->[androidx.work:work-runtime:2.9.0] AndroidManifest.xml:129:17-98
183-->[androidx.work:work-runtime:2.9.0] AndroidManifest.xml:129:25-95
184            </intent-filter>
185        </receiver>
186        <receiver
186-->[androidx.work:work-runtime:2.9.0] AndroidManifest.xml:132:9-142:20
187            android:name="androidx.work.impl.diagnostics.DiagnosticsReceiver"
187-->[androidx.work:work-runtime:2.9.0] AndroidManifest.xml:133:13-78
188            android:directBootAware="false"
188-->[androidx.work:work-runtime:2.9.0] AndroidManifest.xml:134:13-44
189            android:enabled="true"
189-->[androidx.work:work-runtime:2.9.0] AndroidManifest.xml:135:13-35
190            android:exported="true"
190-->[androidx.work:work-runtime:2.9.0] AndroidManifest.xml:136:13-36
191            android:permission="android.permission.DUMP" >
191-->[androidx.work:work-runtime:2.9.0] AndroidManifest.xml:137:13-57
192            <intent-filter>
192-->[androidx.work:work-runtime:2.9.0] AndroidManifest.xml:139:13-141:29
193                <action android:name="androidx.work.diagnostics.REQUEST_DIAGNOSTICS" />
193-->[androidx.work:work-runtime:2.9.0] AndroidManifest.xml:140:17-88
193-->[androidx.work:work-runtime:2.9.0] AndroidManifest.xml:140:25-85
194            </intent-filter>
195        </receiver>
196
197        <service
197-->[androidx.health:health-services-client:1.0.0-rc01] AndroidManifest.xml:24:9-31:19
198            android:name="androidx.health.services.client.VersionApiService"
198-->[androidx.health:health-services-client:1.0.0-rc01] AndroidManifest.xml:25:13-77
199            android:exported="true"
199-->[androidx.health:health-services-client:1.0.0-rc01] AndroidManifest.xml:26:13-36
200            android:permission="com.google.android.wearable.healthservices.permission.PASSIVE_DATA_BINDING" >
200-->[androidx.health:health-services-client:1.0.0-rc01] AndroidManifest.xml:27:13-108
201            <intent-filter>
201-->[androidx.health:health-services-client:1.0.0-rc01] AndroidManifest.xml:28:13-30:29
202                <action android:name="hs.versionclient.BIND" />
202-->[androidx.health:health-services-client:1.0.0-rc01] AndroidManifest.xml:29:17-64
202-->[androidx.health:health-services-client:1.0.0-rc01] AndroidManifest.xml:29:25-61
203            </intent-filter>
204        </service>
205        <service
205-->[androidx.room:room-runtime:2.5.0] AndroidManifest.xml:24:9-28:63
206            android:name="androidx.room.MultiInstanceInvalidationService"
206-->[androidx.room:room-runtime:2.5.0] AndroidManifest.xml:25:13-74
207            android:directBootAware="true"
207-->[androidx.room:room-runtime:2.5.0] AndroidManifest.xml:26:13-43
208            android:exported="false" />
208-->[androidx.room:room-runtime:2.5.0] AndroidManifest.xml:27:13-37
209
210        <receiver
210-->[androidx.profileinstaller:profileinstaller:1.3.0] AndroidManifest.xml:34:9-52:20
211            android:name="androidx.profileinstaller.ProfileInstallReceiver"
211-->[androidx.profileinstaller:profileinstaller:1.3.0] AndroidManifest.xml:35:13-76
212            android:directBootAware="false"
212-->[androidx.profileinstaller:profileinstaller:1.3.0] AndroidManifest.xml:36:13-44
213            android:enabled="true"
213-->[androidx.profileinstaller:profileinstaller:1.3.0] AndroidManifest.xml:37:13-35
214            android:exported="true"
214-->[androidx.profileinstaller:profileinstaller:1.3.0] AndroidManifest.xml:38:13-36
215            android:permission="android.permission.DUMP" >
215-->[androidx.profileinstaller:profileinstaller:1.3.0] AndroidManifest.xml:39:13-57
216            <intent-filter>
216-->[androidx.profileinstaller:profileinstaller:1.3.0] AndroidManifest.xml:40:13-42:29
217                <action android:name="androidx.profileinstaller.action.INSTALL_PROFILE" />
217-->[androidx.profileinstaller:profileinstaller:1.3.0] AndroidManifest.xml:41:17-91
217-->[androidx.profileinstaller:profileinstaller:1.3.0] AndroidManifest.xml:41:25-88
218            </intent-filter>
219            <intent-filter>
219-->[androidx.profileinstaller:profileinstaller:1.3.0] AndroidManifest.xml:43:13-45:29
220                <action android:name="androidx.profileinstaller.action.SKIP_FILE" />
220-->[androidx.profileinstaller:profileinstaller:1.3.0] AndroidManifest.xml:44:17-85
220-->[androidx.profileinstaller:profileinstaller:1.3.0] AndroidManifest.xml:44:25-82
221            </intent-filter>
222            <intent-filter>
222-->[androidx.profileinstaller:profileinstaller:1.3.0] AndroidManifest.xml:46:13-48:29
223                <action android:name="androidx.profileinstaller.action.SAVE_PROFILE" />
223-->[androidx.profileinstaller:profileinstaller:1.3.0] AndroidManifest.xml:47:17-88
223-->[androidx.profileinstaller:profileinstaller:1.3.0] AndroidManifest.xml:47:25-85
224            </intent-filter>
225            <intent-filter>
225-->[androidx.profileinstaller:profileinstaller:1.3.0] AndroidManifest.xml:49:13-51:29
226                <action android:name="androidx.profileinstaller.action.BENCHMARK_OPERATION" />
226-->[androidx.profileinstaller:profileinstaller:1.3.0] AndroidManifest.xml:50:17-95
226-->[androidx.profileinstaller:profileinstaller:1.3.0] AndroidManifest.xml:50:25-92
227            </intent-filter>
228        </receiver>
229    </application>
230
231</manifest>